<?xml version="1.0" encoding="UTF-8"?>
<!-- Generated by org.testng.reporters.JUnitXMLReporter -->
<testsuite hostname="House" failures="0" tests="6" name="Command line test" time="0.017" errors="0" timestamp="24 Jul 2022 10:13:01 GMT">
  <testcase classname="qaclickacademy.Appium_Test" name="iOSApps" time="0.005"/>
  <testcase classname="qaclickacademy.Appium_Test" name="nativeAppAndroid" time="0.0"/>
  <testcase classname="qaclickacademy.RestAPI_Test" name="deleteTwitter" time="0.0"/>
  <testcase classname="qaclickacademy.RestAPI_Test" name="postJira" time="0.0"/>
  <testcase classname="qaclickacademy.Selenium_Test" name="BrowserAutomation" time="0.0"/>
  <testcase classname="qaclickacademy.Selenium_Test" name="elementsUI" time="0.0"/>
</testsuite> <!-- Command line test -->
