<?xml version="1.0" encoding="UTF-8"?>
<testng-results total="6" passed="6" failed="0" skipped="0">
  <reporter-output>
  </reporter-output>
  <suite started-at="2022-07-24T10:13:01Z" name="Command line suite" finished-at="2022-07-24T10:13:01Z" duration-ms="17">
    <groups>
    </groups>
    <test started-at="2022-07-24T10:13:01Z" name="Command line test" finished-at="2022-07-24T10:13:01Z" duration-ms="17">
      <class name="qaclickacademy.Selenium_Test">
        <test-method signature="elementsUI()[pri:0, instance:qaclickacademy.Selenium_Test@6580cfdd]" started-at="2022-07-24T12:13:01Z" name="elementsUI" finished-at="2022-07-24T12:13:01Z" duration-ms="0" status="PASS">
          <reporter-output>
          </reporter-output>
        </test-method> <!-- elementsUI -->
        <test-method signature="BrowserAutomation()[pri:0, instance:qaclickacademy.Selenium_Test@6580cfdd]" started-at="2022-07-24T12:13:01Z" name="BrowserAutomation" finished-at="2022-07-24T12:13:01Z" duration-ms="0" status="PASS">
          <reporter-output>
          </reporter-output>
        </test-method> <!-- BrowserAutomation -->
      </class> <!-- qaclickacademy.Selenium_Test -->
      <class name="qaclickacademy.Appium_Test">
        <test-method signature="iOSApps()[pri:0, instance:qaclickacademy.Appium_Test@13e39c73]" started-at="2022-07-24T12:13:01Z" name="iOSApps" finished-at="2022-07-24T12:13:01Z" duration-ms="5" status="PASS">
          <reporter-output>
          </reporter-output>
        </test-method> <!-- iOSApps -->
        <test-method signature="nativeAppAndroid()[pri:0, instance:qaclickacademy.Appium_Test@13e39c73]" started-at="2022-07-24T12:13:01Z" name="nativeAppAndroid" finished-at="2022-07-24T12:13:01Z" duration-ms="0" status="PASS">
          <reporter-output>
          </reporter-output>
        </test-method> <!-- nativeAppAndroid -->
      </class> <!-- qaclickacademy.Appium_Test -->
      <class name="qaclickacademy.RestAPI_Test">
        <test-method signature="deleteTwitter()[pri:0, instance:qaclickacademy.RestAPI_Test@6a400542]" started-at="2022-07-24T12:13:01Z" name="deleteTwitter" finished-at="2022-07-24T12:13:01Z" duration-ms="0" status="PASS">
          <reporter-output>
          </reporter-output>
        </test-method> <!-- deleteTwitter -->
        <test-method signature="postJira()[pri:0, instance:qaclickacademy.RestAPI_Test@6a400542]" started-at="2022-07-24T12:13:01Z" name="postJira" finished-at="2022-07-24T12:13:01Z" duration-ms="0" status="PASS">
          <reporter-output>
          </reporter-output>
        </test-method> <!-- postJira -->
      </class> <!-- qaclickacademy.RestAPI_Test -->
    </test> <!-- Command line test -->
  </suite> <!-- Command line suite -->
</testng-results>
